[    0.000000] Linux version 4.15.0-208-generic (buildd@lcy02-amd64-015) (gcc version 7.5.0 (Ubuntu 7.5.0-3ubuntu1~18.04)) #220-Ubuntu SMP Mon Mar 20 14:27:01 UTC 2023 (Ubuntu 4.15.0-208.220-generic 4.15.18)
[    0.000000] Command line: BOOT_IMAGE=/boot/vmlinuz-4.15.0-208-generic root=LABEL=cloudimg-rootfs ro console=tty1 console=ttyS0
[    0.000000] KERNEL supported cpus:
[    0.000000]   Intel GenuineIntel
[    0.000000]   AMD AuthenticAMD
[    0.000000]   Centaur CentaurHauls
[    0.000000] x86/fpu: Supporting XSAVE feature 0x001: 'x87 floating point registers'
[    0.000000] x86/fpu: Supporting XSAVE feature 0x002: 'SSE registers'
[    0.000000] x86/fpu: Supporting XSAVE feature 0x004: 'AVX registers'
[    0.000000] x86/fpu: xstate_offset[2]:  576, xstate_sizes[2]:  256
[    0.000000] x86/fpu: Enabled xstate features 0x7, context size is 832 bytes, using 'standard' format.
[    0.000000] e820: BIOS-provided physical RAM map:
[    0.000000] BIOS-e820: [mem 0x0000000000000000-0x000000000009fbff] usable
[    0.000000] BIOS-e820: [mem 0x000000000009fc00-0x000000000009ffff] reserved
[    0.000000] BIOS-e820: [mem 0x00000000000f0000-0x00000000000fffff] reserved
[    0.000000] BIOS-e820: [mem 0x0000000000100000-0x000000003ffeffff] usable
[    0.000000] BIOS-e820: [mem 0x000000003fff0000-0x000000003fffffff] ACPI data
[    0.000000] BIOS-e820: [mem 0x00000000fec00000-0x00000000fec00fff] reserved
[    0.000000] BIOS-e820: [mem 0x00000000fee00000-0x00000000fee00fff] reserved
[    0.000000] BIOS-e820: [mem 0x00000000fffc0000-0x00000000ffffffff] reserved
[    0.000000] NX (Execute Disable) protection: active
[    0.000000] SMBIOS 2.5 present.
[    0.000000] DMI: innotek GmbH VirtualBox/VirtualBox, BIOS VirtualBox 12/01/2006
[    0.000000] Hypervisor detected: KVM
[    0.000000] e820: last_pfn = 0x3fff0 max_arch_pfn = 0x400000000
[    0.000000] MTRR: Disabled
[    0.000000] x86/PAT: MTRRs disabled, skipping PAT initialization too.
[    0.000000] CPU MTRRs all blank - virtualized system.
[    0.000000] x86/PAT: Configuration [0-7]: WB  WT  UC- UC  WB  WT  UC- UC  
[    0.000000] found SMP MP-table at [mem 0x0009fff0-0x0009ffff]
[    0.000000] Scanning 1 areas for low memory corruption
[    0.000000] RAMDISK: [mem 0x359c9000-0x36cdbfff]
[    0.000000] ACPI: Early table checksum verification disabled
[    0.000000] ACPI: RSDP 0x00000000000E0000 000024 (v02 VBOX  )
[    0.000000] ACPI: XSDT 0x000000003FFF0030 00003C (v01 VBOX   VBOXXSDT 00000001 ASL  00000061)
[    0.000000] ACPI: FACP 0x000000003FFF00F0 0000F4 (v04 VBOX   VBOXFACP 00000001 ASL  00000061)
[    0.000000] ACPI: DSDT 0x000000003FFF0610 002353 (v02 VBOX   VBOXBIOS 00000002 INTL 20210930)
[    0.000000] ACPI: FACS 0x000000003FFF0200 000040
[    0.000000] ACPI: FACS 0x000000003FFF0200 000040
[    0.000000] ACPI: APIC 0x000000003FFF0240 00005C (v02 VBOX   VBOXAPIC 00000001 ASL  00000061)
[    0.000000] ACPI: SSDT 0x000000003FFF02A0 00036C (v01 VBOX   VBOXCPUT 00000002 INTL 20210930)
[    0.000000] ACPI: Reserving FACP table memory at [mem 0x3fff00f0-0x3fff01e3]
[    0.000000] ACPI: Reserving DSDT table memory at [mem 0x3fff0610-0x3fff2962]
[    0.000000] ACPI: Reserving FACS table memory at [mem 0x3fff0200-0x3fff023f]
[    0.000000] ACPI: Reserving FACS table memory at [mem 0x3fff0200-0x3fff023f]
[    0.000000] ACPI: Reserving APIC table memory at [mem 0x3fff0240-0x3fff029b]
[    0.000000] ACPI: Reserving SSDT table memory at [mem 0x3fff02a0-0x3fff060b]
[    0.000000] No NUMA configuration found
[    0.000000] Faking a node at [mem 0x0000000000000000-0x000000003ffeffff]
[    0.000000] NODE_DATA(0) allocated [mem 0x3ffc5000-0x3ffeffff]
[    0.000000] kvm-clock: cpu 0, msr 0:3ff44001, primary cpu clock
[    0.000000] kvm-clock: Using msrs 4b564d01 and 4b564d00
[    0.000000] kvm-clock: using sched offset of 3422147050 cycles
[    0.000000] clocksource: kvm-clock: mask: 0xffffffffffffffff max_cycles: 0x1cd42e4dffb, max_idle_ns: 881590591483 ns
[    0.000000] Zone ranges:
[    0.000000]   DMA      [mem 0x0000000000001000-0x0000000000ffffff]
[    0.000000]   DMA32    [mem 0x0000000001000000-0x000000003ffeffff]
[    0.000000]   Normal   empty
[    0.000000]   Device   empty
[    0.000000] Movable zone start for each node
[    0.000000] Early memory node ranges
[    0.000000]   node   0: [mem 0x0000000000001000-0x000000000009efff]
[    0.000000]   node   0: [mem 0x0000000000100000-0x000000003ffeffff]
[    0.000000] Reserved but unavailable: 104 pages
[    0.000000] Initmem setup node 0 [mem 0x0000000000001000-0x000000003ffeffff]
[    0.000000] ACPI: PM-Timer IO Port: 0x4008
[    0.000000] IOAPIC[0]: apic_id 2, version 32, address 0xfec00000, GSI 0-23
[    0.000000] ACPI: INT_SRC_OVR (bus 0 bus_irq 0 global_irq 2 dfl dfl)
[    0.000000] ACPI: INT_SRC_OVR (bus 0 bus_irq 9 global_irq 9 low level)
[    0.000000] Using ACPI (MADT) for SMP configuration information
[    0.000000] smpboot: Allowing 2 CPUs, 0 hotplug CPUs
[    0.000000] PM: Registered nosave memory: [mem 0x00000000-0x00000fff]
[    0.000000] PM: Registered nosave memory: [mem 0x0009f000-0x0009ffff]
[    0.000000] PM: Registered nosave memory: [mem 0x000a0000-0x000effff]
[    0.000000] PM: Registered nosave memory: [mem 0x000f0000-0x000fffff]
[    0.000000] e820: [mem 0x40000000-0xfebfffff] available for PCI devices
[    0.000000] Booting paravirtualized kernel on KVM
[    0.000000] clocksource: refined-jiffies: mask: 0xffffffff max_cycles: 0xffffffff, max_idle_ns: 7645519600211568 ns
[    0.000000] setup_percpu: NR_CPUS:8192 nr_cpumask_bits:2 nr_cpu_ids:2 nr_node_ids:1
[    0.000000] percpu: Embedded 50 pages/cpu s167936 r8192 d28672 u1048576
[    0.000000] PV qspinlock hash table entries: 256 (order: 0, 4096 bytes)
[    0.000000] Built 1 zonelists, mobility grouping on.  Total pages: 257913
[    0.000000] Policy zone: DMA32
[    0.000000] Kernel command line: BOOT_IMAGE=/boot/vmlinuz-4.15.0-208-generic root=LABEL=cloudimg-rootfs ro console=tty1 console=ttyS0
[    0.000000] Memory: 982640K/1048120K available (12300K kernel code, 2477K rwdata, 4324K rodata, 2480K init, 2720K bss, 65480K reserved, 0K cma-reserved)
[    0.000000] SLUB: HWalign=64, Order=0-3, MinObjects=0, CPUs=2, Nodes=1
[    0.000000] Kernel/User page tables isolation: enabled
[    0.000000] ftrace: allocating 39494 entries in 155 pages
[    0.004000] Hierarchical RCU implementation.
[    0.004000] 	RCU restricting CPUs from NR_CPUS=8192 to nr_cpu_ids=2.
[    0.004000] 	Tasks RCU enabled.
[    0.004000] RCU: Adjusting geometry for rcu_fanout_leaf=16, nr_cpu_ids=2
[    0.004000] NR_IRQS: 524544, nr_irqs: 440, preallocated irqs: 16
[    0.004000] random: crng init done
[    0.004000] Console: colour VGA+ 80x25
[    0.004000] console [tty1] enabled
[    0.004000] console [ttyS0] enabled
[    0.004000] ACPI: Core revision 20170831
[    0.004000] ACPI: 2 ACPI AML tables successfully acquired and loaded
[    0.004000] APIC: Switch to symmetric I/O mode setup
[    0.004258] x2apic enabled
[    0.007389] Switched APIC routing to physical x2apic.
[    0.012000] ..TIMER: vector=0x30 apic1=0 pin1=2 apic2=-1 pin2=-1
[    0.012002] tsc: Detected 2404.570 MHz processor
[    0.014656] Calibrating delay loop (skipped) preset value.. 4809.14 BogoMIPS (lpj=9618280)
[    0.016002] pid_max: default: 32768 minimum: 301
[    0.020037] Security Framework initialized
[    0.024002] Yama: becoming mindful.
[    0.026132] AppArmor: AppArmor initialized
[    0.029344] Dentry cache hash table entries: 131072 (order: 8, 1048576 bytes)
[    0.036243] Inode-cache hash table entries: 65536 (order: 7, 524288 bytes)
[    0.040031] Mount-cache hash table entries: 2048 (order: 2, 16384 bytes)
[    0.043774] Mountpoint-cache hash table entries: 2048 (order: 2, 16384 bytes)
[    0.048937] Last level iTLB entries: 4KB 64, 2MB 8, 4MB 8
[    0.052002] Last level dTLB entries: 4KB 64, 2MB 0, 4MB 0, 1GB 4
[    0.055268] Spectre V1 : Mitigation: usercopy/swapgs barriers and __user pointer sanitization
[    0.056002] Spectre V2 : Mitigation: Retpolines
[    0.058559] Spectre V2 : Spectre v2 / SpectreRSB mitigation: Filling RSB on context switch
[    0.060001] Spectre V2 : Spectre v2 / SpectreRSB : Filling RSB on VMEXIT
[    0.064002] RETBleed: WARNING: Spectre v2 mitigation leaves CPU vulnerable to RETBleed attacks, data leaks possible!
[    0.068002] RETBleed: Vulnerable
[    0.069924] Speculative Store Bypass: Vulnerable
[    0.072098] MDS: Mitigation: Clear CPU buffers
[    0.074623] MMIO Stale Data: Mitigation: Clear CPU buffers
[    0.076015] SRBDS: Unknown: Dependent on hypervisor status
[    0.080165] Freeing SMP alternatives memory: 36K
[    0.196000] smpboot: CPU0: Intel(R) Core(TM) i5-8279U CPU @ 2.40GHz (family: 0x6, model: 0x8e, stepping: 0xa)
[    0.196182] Performance Events: unsupported p6 CPU model 142 no PMU driver, software events only.
[    0.200070] Hierarchical SRCU implementation.
[    0.204411] NMI watchdog: Perf event create on CPU 0 failed with -2
[    0.207788] NMI watchdog: Perf NMI watchdog permanently disabled
[    0.208128] smp: Bringing up secondary CPUs ...
[    0.212356] x86: Booting SMP configuration:
[    0.216002] .... node  #0, CPUs:      #1
[    0.004000] kvm-clock: cpu 1, msr 0:3ff44041, secondary cpu clock
[    0.222084] smp: Brought up 1 node, 2 CPUs
[    0.224004] smpboot: Max logical packages: 1
[    0.226377] smpboot: Total of 2 processors activated (9618.28 BogoMIPS)
[    0.228212] devtmpfs: initialized
[    0.232065] x86/mm: Memory block size: 128MB
[    0.234850] evm: security.selinux
[    0.236003] evm: security.SMACK64
[    0.238158] evm: security.SMACK64EXEC
[    0.240002] evm: security.SMACK64TRANSMUTE
[    0.242335] evm: security.SMACK64MMAP
[    0.244002] evm: security.apparmor
[    0.246049] evm: security.ima
[    0.247849] evm: security.capability
[    0.248264] clocksource: jiffies: mask: 0xffffffff max_cycles: 0xffffffff, max_idle_ns: 7645041785100000 ns
[    0.252007] futex hash table entries: 512 (order: 3, 32768 bytes)
[    0.256046] pinctrl core: initialized pinctrl subsystem
[    0.259219] RTC time: 11:29:54, date: 03/11/24
[    0.260347] NET: Registered protocol family 16
[    0.264070] audit: initializing netlink subsys (disabled)
[    0.268071] audit: type=2000 audit(1710156598.989:1): state=initialized audit_enabled=0 res=1
[    0.268548] cpuidle: using governor ladder
[    0.272030] cpuidle: using governor menu
[    0.276036] ACPI: bus type PCI registered
[    0.278292] acpiphp: ACPI Hot Plug PCI Controller Driver version: 0.5
[    0.280307] PCI: Using configuration type 1 for base access
[    0.288227] HugeTLB registered 2.00 MiB page size, pre-allocated 0 pages
[    0.292153] ACPI: Added _OSI(Module Device)
[    0.296020] ACPI: Added _OSI(Processor Device)
[    0.298529] ACPI: Added _OSI(3.0 _SCP Extensions)
[    0.300008] ACPI: Added _OSI(Processor Aggregator Device)
[    0.304003] ACPI: Added _OSI(Linux-Dell-Video)
[    0.308002] ACPI: Added _OSI(Linux-Lenovo-NV-HDMI-Audio)
[    0.312002] ACPI: Added _OSI(Linux-HPI-Hybrid-Graphics)
[    0.316041] ACPI: Executed 1 blocks of module-level executable AML code
[    0.322751] ACPI: Interpreter enabled
[    0.324011] ACPI: (supports S0 S5)
[    0.325963] ACPI: Using IOAPIC for interrupt routing
[    0.328336] PCI: Using host bridge windows from ACPI; if necessary, use "pci=nocrs" and report a bug
[    0.332204] ACPI: Enabled 2 GPEs in block 00 to 07
[    0.347134] ACPI: PCI Root Bridge [PCI0] (domain 0000 [bus 00-ff])
[    0.348006] acpi PNP0A03:00: _OSC: OS supports [ASPM ClockPM Segments MSI]
[    0.352548] acpi PNP0A03:00: _OSC: not requesting OS control; OS requires [ExtendedConfig ASPM ClockPM MSI]
[    0.356010] acpi PNP0A03:00: fail to add MMCONFIG information, can't access extended PCI configuration space under this bridge.
[    0.360616] PCI host bridge to bus 0000:00
[    0.363350] pci_bus 0000:00: root bus resource [io  0x0000-0x0cf7 window]
[    0.364003] pci_bus 0000:00: root bus resource [io  0x0d00-0xffff window]
[    0.368003] pci_bus 0000:00: root bus resource [mem 0x000a0000-0x000bffff window]
[    0.372003] pci_bus 0000:00: root bus resource [mem 0x40000000-0xfdffffff window]
[    0.376003] pci_bus 0000:00: root bus resource [bus 00-ff]
[    0.385810] pci 0000:00:01.1: legacy IDE quirk: reg 0x10: [io  0x01f0-0x01f7]
[    0.388002] pci 0000:00:01.1: legacy IDE quirk: reg 0x14: [io  0x03f6]
[    0.392003] pci 0000:00:01.1: legacy IDE quirk: reg 0x18: [io  0x0170-0x0177]
[    0.396003] pci 0000:00:01.1: legacy IDE quirk: reg 0x1c: [io  0x0376]
[    0.470001] pci 0000:00:07.0: quirk: [io  0x4000-0x403f] claimed by PIIX4 ACPI
[    0.472030] pci 0000:00:07.0: quirk: [io  0x4100-0x410f] claimed by PIIX4 SMB
[    0.488913] ACPI: PCI Interrupt Link [LNKA] (IRQs 5 9 10 *11)
[    0.492000] ACPI: PCI Interrupt Link [LNKB] (IRQs 5 9 *10 11)
[    0.492172] ACPI: PCI Interrupt Link [LNKC] (IRQs 5 *9 10 11)
[    0.496172] ACPI: PCI Interrupt Link [LNKD] (IRQs 5 9 10 *11)
[    0.499703] SCSI subsystem initialized
[    0.500144] pci 0000:00:02.0: vgaarb: setting as boot VGA device
[    0.503325] pci 0000:00:02.0: vgaarb: VGA device added: decodes=io+mem,owns=io+mem,locks=none
[    0.504005] pci 0000:00:02.0: vgaarb: bridge control possible
[    0.508002] vgaarb: loaded
[    0.509693] ACPI: bus type USB registered
[    0.512000] usbcore: registered new interface driver usbfs
[    0.512016] usbcore: registered new interface driver hub
[    0.516008] usbcore: registered new device driver usb
[    0.518932] EDAC MC: Ver: 3.0.0
[    0.520615] PCI: Using ACPI for IRQ routing
[    0.524611] NetLabel: Initializing
[    0.526561] NetLabel:  domain hash size = 128
[    0.528002] NetLabel:  protocols = UNLABELED CIPSOv4 CALIPSO
[    0.532018] NetLabel:  unlabeled traffic allowed by default
[    0.536263] clocksource: Switched to clocksource kvm-clock
[    0.558344] VFS: Disk quotas dquot_6.6.0
[    0.561201] VFS: Dquot-cache hash table entries: 512 (order 0, 4096 bytes)
[    0.565081] AppArmor: AppArmor Filesystem Enabled
[    0.567702] pnp: PnP ACPI init
[    0.571545] pnp: PnP ACPI: found 3 devices
[    0.589221] clocksource: acpi_pm: mask: 0xffffff max_cycles: 0xffffff, max_idle_ns: 2085701024 ns
[    0.594120] NET: Registered protocol family 2
[    0.596824] IP idents hash table entries: 16384 (order: 5, 131072 bytes)
[    0.601364] TCP established hash table entries: 8192 (order: 4, 65536 bytes)
[    0.605533] TCP bind hash table entries: 8192 (order: 5, 131072 bytes)
[    0.609228] TCP: Hash tables configured (established 8192 bind 8192)
[    0.613330] UDP hash table entries: 512 (order: 2, 16384 bytes)
[    0.616625] UDP-Lite hash table entries: 512 (order: 2, 16384 bytes)
[    0.621393] NET: Registered protocol family 1
[    0.624521] pci 0000:00:00.0: Limiting direct PCI/PCI transfers
[    0.628108] pci 0000:00:01.0: Activating ISA DMA hang workarounds
[    0.633070] pci 0000:00:02.0: Video device with shadowed ROM at [mem 0x000c0000-0x000dffff]
[    0.638404] Unpacking initramfs...
[    0.948390] Freeing initrd memory: 19532K
[    0.951111] clocksource: tsc: mask: 0xffffffffffffffff max_cycles: 0x22a91483092, max_idle_ns: 440795241775 ns
[    0.957210] platform rtc_cmos: registered platform RTC device (no PNP device found)
[    0.961558] Scanning for low memory corruption every 60 seconds
[    0.966181] Initialise system trusted keyrings
[    0.968787] Key type blacklist registered
[    0.971376] workingset: timestamp_bits=36 max_order=18 bucket_order=0
[    0.976451] zbud: loaded
[    0.979218] squashfs: version 4.0 (2009/01/31) Phillip Lougher
[    0.983012] fuse init (API version 7.26)
[    0.997757] Key type asymmetric registered
[    1.000789] Asymmetric key parser 'x509' registered
[    1.004434] Block layer SCSI generic (bsg) driver version 0.4 loaded (major 246)
[    1.009780] io scheduler noop registered
[    1.012245] io scheduler deadline registered
[    1.014737] io scheduler cfq registered (default)
[    1.018144] ACPI: AC Adapter [AC] (on-line)
[    1.021178] input: Power Button as /devices/LNXSYSTM:00/LNXPWRBN:00/input/input0
[    1.026706] ACPI: Power Button [PWRF]
[    1.029947] input: Sleep Button as /devices/LNXSYSTM:00/LNXSLPBN:00/input/input1
[    1.034787] ACPI: Sleep Button [SLPF]
[    1.039399] ACPI: Battery Slot [BAT0] (battery present)
[    1.042853] Serial: 8250/16550 driver, 32 ports, IRQ sharing enabled
[    1.072368] 00:02: ttyS0 at I/O 0x3f8 (irq = 4, base_baud = 115200) is a 16550A
[    1.082790] Linux agpgart interface v0.103
[    1.088527] loop: module loaded
[    1.091677] scsi host0: ata_piix
[    1.094089] scsi host1: ata_piix
[    1.095980] ata1: PATA max UDMA/33 cmd 0x1f0 ctl 0x3f6 bmdma 0xd000 irq 14
[    1.099754] ata2: PATA max UDMA/33 cmd 0x170 ctl 0x376 bmdma 0xd008 irq 15
[    1.103721] tun: Universal TUN/TAP device driver, 1.6
[    1.106884] PPP generic driver version 2.4.2
[    1.109462] ehci_hcd: USB 2.0 'Enhanced' Host Controller (EHCI) Driver
[    1.112945] ehci-pci: EHCI PCI platform driver
[    1.115509] ehci-platform: EHCI generic platform driver
[    1.118907] ohci_hcd: USB 1.1 'Open' Host Controller (OHCI) Driver
[    1.122297] ohci-pci: OHCI PCI platform driver
[    1.124824] ohci-platform: OHCI generic platform driver
[    1.127670] uhci_hcd: USB Universal Host Controller Interface driver
[    1.131184] i8042: PNP: PS/2 Controller [PNP0303:PS2K,PNP0f03:PS2M] at 0x60,0x64 irq 1,12
[    1.137530] serio: i8042 KBD port at 0x60,0x64 irq 1
[    1.140343] serio: i8042 AUX port at 0x60,0x64 irq 12
[    1.143970] mousedev: PS/2 mouse device common for all mice
[    1.149253] input: AT Translated Set 2 keyboard as /devices/platform/i8042/serio0/input/input2
[    1.154082] rtc_cmos rtc_cmos: rtc core: registered rtc_cmos as rtc0
[    1.158375] rtc_cmos rtc_cmos: alarms up to one day, 114 bytes nvram
[    1.161925] i2c /dev entries driver
[    1.164065] device-mapper: uevent: version 1.0.3
[    1.167316] device-mapper: ioctl: 4.37.0-ioctl (2017-09-20) initialised: dm-devel@redhat.com
[    1.171939] ledtrig-cpu: registered to indicate activity on CPUs
[    1.176131] NET: Registered protocol family 10
[    1.184237] Segment Routing with IPv6
[    1.186320] NET: Registered protocol family 17
[    1.189135] Key type dns_resolver registered
[    1.192056] mce: Using 0 MCE banks
[    1.193980] RAS: Correctable Errors collector initialized.
[    1.197009] sched_clock: Marking stable (1196973556, 0)->(1645385554, -448411998)
[    1.202699] registered taskstats version 1
[    1.205039] Loading compiled-in X.509 certificates
[    1.210628] Loaded X.509 cert 'Build time autogenerated kernel key: 05d3fa630a0ed8a65520e390196b077fd5e65720'
[    1.216447] Loaded X.509 cert 'Canonical Ltd. Live Patch Signing: 14df34d1a87cf37625abec039ef2bf521249b969'
[    1.222731] Loaded X.509 cert 'Canonical Ltd. Kernel Module Signing: 88f752e560a1e0737e31163a466ad7b70a850c19'
[    1.228062] blacklist: Loading compiled-in revocation X.509 certificates
[    1.231652] Loaded X.509 cert 'Canonical Ltd. Secure Boot Signing: 61482aa2830d0ab2ad5af10b7250da9033ddcef0'
[    1.236919] Loaded X.509 cert 'Canonical Ltd. Secure Boot Signing (2017): 242ade75ac4a15e50d50c84b0d45ff3eae707a03'
[    1.242460] Loaded X.509 cert 'Canonical Ltd. Secure Boot Signing (ESM 2018): 365188c1d374d6b07c3c8f240f8ef722433d6a8b'
[    1.248192] Loaded X.509 cert 'Canonical Ltd. Secure Boot Signing (2019): c0746fd6c5da3ae827864651ad66ae47fe24b3e8'
[    1.253763] Loaded X.509 cert 'Canonical Ltd. Secure Boot Signing (2021 v1): a8d54bbb3825cfb94fa13c9f8a594a195c107b8d'
[    1.259440] Loaded X.509 cert 'Canonical Ltd. Secure Boot Signing (2021 v2): 4cf046892d6fd3c9a5b03f98d845f90851dc6a8c'
[    1.266372] Loaded X.509 cert 'Canonical Ltd. Secure Boot Signing (2021 v3): 100437bb6de6e469b581e61cd66bce3ef4ed53af'
[    1.273272] Loaded X.509 cert 'Canonical Ltd. Secure Boot Signing (Ubuntu Core 2019): c1d57b8f6b743f23ee41f4f7ee292f06eecadfb9'
[    1.280358] zswap: loaded using pool lzo/zbud
[    1.316235] Key type big_key registered
[    1.318384] Key type trusted registered
[    1.322862] Key type encrypted registered
[    1.325180] AppArmor: AppArmor sha1 policy hashing enabled
[    1.328213] ima: No TPM chip found, activating TPM-bypass! (rc=-19)
[    1.331739] ima: Allocated hash algorithm: sha1
[    1.334378] evm: HMAC attrs: 0x1
[    1.336932]   Magic number: 0:898:478
[    1.339078] rtc rtc0: hash matches
[    1.341556] rtc_cmos rtc_cmos: setting system clock to 2024-03-11 11:29:55 UTC (1710156595)
[    1.346869] BIOS EDD facility v0.16 2004-Jun-25, 0 devices found
[    1.350435] EDD information not available.
[    1.355743] Freeing unused kernel image memory: 2480K
[    1.373199] Write protecting the kernel read-only data: 20480k
[    1.377620] Freeing unused kernel image memory: 2008K
[    1.380912] Freeing unused kernel image memory: 1820K
[    1.389886] x86/mm: Checked W+X mappings: passed, no W+X pages found.
[    1.393687] x86/mm: Checking user space page tables
[    1.402466] x86/mm: Checked W+X mappings: passed, no W+X pages found.
Loading, please wait...
starting version 237
[    1.479507] e1000: Intel(R) PRO/1000 Network Driver - version 7.3.21-k8-NAPI
[    1.483632] e1000: Copyright (c) 1999-2006 Intel Corporation.
[    1.489258] Fusion MPT base driver 3.04.20
[    1.491801] Copyright (c) 1999-2008 LSI Corporation
[    1.520878] AVX2 version of gcm_enc/dec engaged.
[    1.523680] AES CTR mode by8 optimization enabled
[    1.532433] Fusion MPT SPI Host driver 3.04.20
[    1.760383] input: ImExPS/2 Generic Explorer Mouse as /devices/platform/i8042/serio1/input/input4
[    2.010487] e1000 0000:00:03.0 eth0: (PCI:33MHz:32-bit) 02:e1:6b:97:21:6b
[    2.014220] e1000 0000:00:03.0 eth0: Intel(R) PRO/1000 Network Connection
[    2.019190] mptbase: ioc0: Initiating bringup
[    2.134955] ioc0: LSI53C1030 A0: Capabilities={Initiator}
[    2.405495] scsi host2: ioc0: LSI53C1030 A0, FwRev=00000000h, Ports=1, MaxQ=256, IRQ=20
[    2.583005] scsi 2:0:0:0: Direct-Access     VBOX     HARDDISK         1.0  PQ: 0 ANSI: 5
[    2.624909] scsi target2:0:0: Beginning Domain Validation
[    2.634801] scsi target2:0:0: Domain Validation skipping write tests
[    2.639188] scsi target2:0:0: Ending Domain Validation
[    2.642813] scsi target2:0:0: asynchronous
[    2.647352] scsi 2:0:1:0: Direct-Access     VBOX     HARDDISK         1.0  PQ: 0 ANSI: 5
[    2.976598] scsi target2:0:1: Beginning Domain Validation
[    2.996354] scsi target2:0:1: Domain Validation skipping write tests
[    3.000382] scsi target2:0:1: Ending Domain Validation
[    3.004375] scsi target2:0:1: asynchronous
[    3.026945] sd 2:0:0:0: Attached scsi generic sg0 type 0
[    3.030686] sd 2:0:0:0: [sda] 83886080 512-byte logical blocks: (42.9 GB/40.0 GiB)
[    3.035855] sd 2:0:0:0: [sda] Write Protect is off
[    3.062385] sd 2:0:1:0: Attached scsi generic sg1 type 0
[    3.091000] sd 2:0:0:0: [sda] Incomplete mode parameter data
[    3.095189] sd 2:0:0:0: [sda] Assuming drive cache: write through
[    3.099484] sd 2:0:1:0: [sdb] 20480 512-byte logical blocks: (10.5 MB/10.0 MiB)
[    3.102429] e1000 0000:00:08.0 eth1: (PCI:33MHz:32-bit) 08:00:27:82:3e:27
[    3.109301] e1000 0000:00:08.0 eth1: Intel(R) PRO/1000 Network Connection
[    3.109340] sd 2:0:1:0: [sdb] Write Protect is off
[    3.118552] sd 2:0:1:0: [sdb] Incomplete mode parameter data
[    3.121818] sd 2:0:1:0: [sdb] Assuming drive cache: write through
[    3.125253]  sda: sda1
[    3.128254] sd 2:0:0:0: [sda] Attached SCSI disk
[    3.134051] sd 2:0:1:0: [sdb] Attached SCSI disk
[    3.138685] e1000 0000:00:03.0 enp0s3: renamed from eth0
[    3.152185] e1000 0000:00:08.0 enp0s8: renamed from eth1
Begin: Loading essential drivers ... [    5.236043] raid6: sse2x1   gen() 19348 MB/s
[    5.351129] raid6: sse2x1   xor() 24273 MB/s
[    5.405039] raid6: sse2x2   gen() 16791 MB/s
[    5.471325] raid6: sse2x2   xor() 12047 MB/s
[    5.558853] raid6: sse2x4   gen() 34155 MB/s
[    5.621278] raid6: sse2x4   xor() 13597 MB/s
[    5.784694] raid6: avx2x1   gen() 29087 MB/s
[    5.974003] raid6: avx2x1   xor() 51118 MB/s
[    6.109448] raid6: avx2x2   gen() 48744 MB/s
[    6.174291] raid6: avx2x2   xor() 22904 MB/s
[    6.264144] raid6: avx2x4   gen() 24245 MB/s
[    6.340440] raid6: avx2x4   xor() 29538 MB/s
[    6.343810] raid6: using algorithm avx2x2 gen() 48744 MB/s
[    6.347036] raid6: .... xor() 22904 MB/s, rmw enabled
[    6.350097] raid6: using avx2x2 recovery algorithm
[    6.354138] xor: automatically using best checksumming function   avx       
[    6.359436] async_tx: api initialized (async)
done.
Begin: Running /scripts/init-premount ... done.
Begin: Mounting root file system ... Begin: Running /scripts/local-top ... done.
Begin: Running /scripts/local-premount ... [    6.411028] Btrfs loaded, crc32c=crc32c-intel
Scanning for Btrfs filesystems
done.
Warning: fsck not present, so skipping root file system
[    6.444814] EXT4-fs (sda1): mounted filesystem with ordered data mode. Opts: (null)
done.
Begin: Running /scripts/local-bottom ... done.
Begin: Running /scripts/init-bottom ... done.
[    6.651494] ip_tables: (C) 2000-2006 Netfilter Core Team
[    6.665944] systemd[1]: systemd 237 running in system mode. (+PAM +AUDIT +SELINUX +IMA +APPARMOR +SMACK +SYSVINIT +UTMP +LIBCRYPTSETUP +GCRYPT +GNUTLS +ACL +XZ +LZ4 +SECCOMP +BLKID +ELFUTILS +KMOD -IDN2 +IDN -PCRE2 default-hierarchy=hybrid)
[    6.677592] systemd[1]: Detected virtualization oracle.
[    6.680540] systemd[1]: Detected architecture x86-64.

Welcome to [1mUbuntu 18.04.6 LTS[0m!

[    6.696566] systemd[1]: Set hostname to <ubuntu>.
[    6.702445] systemd[1]: Initializing machine ID from random generator.
[    6.706067] systemd[1]: Installed transient /etc/machine-id file.
[    6.997653] systemd[1]: Reached target User and Group Name Lookups.
[[0;32m  OK  [0m] Reached target User and Group Name Lookups.
[    7.003187] systemd[1]: Reached target Mounting snaps.
[[0;32m  OK  [0m] Reached target Mounting snaps.
[    7.007436] systemd[1]: Set up automount Arbitrary Executable File Formats File System Automount Point.
[[0;32m  OK  [0m] Set up automount Arbitrary Executab…rmats File System Automount Point.
[    7.014699] systemd[1]: Reached target Mounted snaps.
[[0;32m  OK  [0m] Reached target Mounted snaps.
[[0;32m  OK  [0m] Reached target System Time Synchronized.
[[0;32m  OK  [0m] Created slice System Slice.
[[0;32m  OK  [0m] Listening on Network Service Netlink Socket.
[[0;32m  OK  [0m] Listening on Journal Socket.
         Starting Create list of required st…ce nodes for the current kernel...
[[0;32m  OK  [0m] Listening on udev Kernel Socket.
         Mounting Kernel Debug File System...
         Starting Uncomplicated firewall...
         Starting Set the console keyboard layout...
[[0;32m  OK  [0m] Created slice system-serial\x2dgetty.slice.
[[0;32m  OK  [0m] Listening on Syslog Socket.
[[0;32m  OK  [0m] Listening on Device-mapper event daemon FIFOs.
         Starting Load Kernel Modules...
[[0;32m  OK  [0m] Listening on LVM2 poll daemon socket.
[[0;32m  OK  [0m] Listening on udev Control Socket.
         Starting udev Coldplug all Devices...
[[0;32m  OK  [0m] Listening on /dev/initctl Compatibility Named Pipe.
         Mounting Huge Pages File System...
[[0;32m  OK  [0m] Listening on LVM2 metadata daemon socket.
         Starting Monitoring of LVM2 mirrors…ng dmeventd or progress polling...
[[0;32m  OK  [0m] Reached target Swap.
[[0;32m  OK  [0m] Listening on fsck to fsckd communication Socket.
         Starting File System Check on Root Device...
         Mounting POSIX Message Queue File System...
[    7.089505] Loading iSCSI transport class v2.0-870.
[[0;32m  OK  [0m] Listening on Journal Audit Socket.
[[0;32m  OK  [0m] Listening on Journal Socket (/dev/log).
[    7.102513] iscsi: registered transport (tcp)
         Starting Journal Service...
[[0;32m  OK  [0m] Started Forward Password Requests to Wall Directory Watch.
[[0;32m  OK  [0m] Created slice User and Session Slice.
[[0;32m  OK  [0m] Reached target Slices.
[[0;32m  OK  [0m] Started Create list of required sta…vice nodes for the current kernel.
[[0;32m  OK  [0m] Mounted Kernel Debug File System.
[[0;32m  OK  [0m] Started Uncomplicated firewall.
[[0;32m  OK  [0m] Mounted Huge Pages File System.
[[0;32m  OK  [0m] Mounted POSIX Message Queue File System.
         Starting Create Static Device Nodes in /dev...
[[0;32m  OK  [0m] Started LVM2 metadata daemon.
[[0;32m  OK  [0m] Started File System Check Daemon to report status.
[[0;32m  OK  [0m] Started udev Coldplug all Devices.
[[0;32m  OK  [0m] Started Journal Service.
[[0;32m  OK  [0m] Started File System Check on Root Device.
         Starting Remount Root and Kernel File Systems...
[    7.220358] iscsi: registered transport (iser)
[[0;32m  OK  [0m] Started Load Kernel Modules.
         Starting Apply Kernel Variables...
         Mounting FUSE Control File System...
         Mounting Kernel Configuration File System...
[[0;32m  OK  [0m] Mounted Kernel Configuration File System.
[[0;32m  OK  [0m] Mounted FUSE Control File System.
[[0;32m  OK  [0m] Started Create Static Device Nodes in /dev.
[[0;32m  OK  [0m] Started Remount Root and Kernel File Systems.
         Starting Flush Journal to Persistent Storage...
         Starting udev Kernel Device Manager...
         Starting Load/Save Random Seed...
[[0;32m  OK  [0m] Started Monitoring of LVM2 mirrors,…sing dmeventd or progress polling.
[[0;32m  OK  [0m] Started Apply Kernel Variables.
[[0;32m  OK  [0m] Started Load/Save Random Seed.
[[0;32m  OK  [0m] Started udev Kernel Device Manager.
[[0;32m  OK  [0m] Started Set the console keyboard layout.
[[0;32m  OK  [0m] Started Dispatch Password Requests to Console Directory Watch.
[[0;32m  OK  [0m] Reached target Local Encrypted Volumes.
[[0;32m  OK  [0m] Reached target Local File Systems (Pre).
[[0;32m  OK  [0m] Reached target Local File Systems.
         Starting Tell Plymouth To Write Out Runtime Data...
         Starting Commit a transient machine-id on disk...
         Starting ebtables ruleset management...
         Starting Set console font and keymap...
         Starting AppArmor initialization...
[[0;32m  OK  [0m] Started Flush Journal to Persistent Storage.
[[0;32m  OK  [0m] Started Tell Plymouth To Write Out Runtime Data.
         Starting Create Volatile Files and Directories...
[[0;32m  OK  [0m] Started Set console font and keymap.
[[0;32m  OK  [0m] Started Create Volatile Files and Directories.
         Starting Update UTMP about System Boot/Shutdown...
[[0;32m  OK  [0m] Started Commit a transient machine-id on disk.
[[0;32m  OK  [0m] Started Update UTMP about System Boot/Shutdown.
[[0;32m  OK  [0m] Started ebtables ruleset management.
[[0;32m  OK  [0m] Found device /dev/ttyS0.
[[0;32m  OK  [0m] Listening on Load/Save RF Kill Switch Status /dev/rfkill Watch.
         Mounting Arbitrary Executable File Formats File System...
[[0;32m  OK  [0m] Mounted Arbitrary Executable File Formats File System.
[[0;32m  OK  [0m] Started AppArmor initialization.
         Starting Load AppArmor profiles managed internally by snapd...
         Starting Initial cloud-init job (pre-networking)...
[[0;32m  OK  [0m] Started Load AppArmor profiles managed internally by snapd.
[   10.234838] cloud-init[566]: Cloud-init v. 23.1.1-0ubuntu0~18.04.1 running 'init-local' at Mon, 11 Mar 2024 11:30:03 +0000. Up 9.81 seconds.
[[0;32m  OK  [0m] Started Initial cloud-init job (pre-networking).
[[0;32m  OK  [0m] Reached target Network (Pre).
         Starting Network Service...
[[0;32m  OK  [0m] Started Network Service.
         Starting Network Name Resolution...
         Starting Wait for Network to be Configured...
[[0;32m  OK  [0m] Started Network Name Resolution.
[[0;32m  OK  [0m] Reached target Network.
[[0;32m  OK  [0m] Reached target Host and Network Name Lookups.
[[0;32m  OK  [0m] Started Wait for Network to be Configured.
         Starting Initial cloud-init job (metadata service crawler)...
[   12.929193] cloud-init[688]: Cloud-init v. 23.1.1-0ubuntu0~18.04.1 running 'init' at Mon, 11 Mar 2024 11:30:06 +0000. Up 12.75 seconds.
[   12.936105] cloud-init[688]: ci-info: ++++++++++++++++++++++++++++++++++++++Net device info+++++++++++++++++++++++++++++++++++++++
[   12.942927] cloud-init[688]: ci-info: +--------+-------+----------------------------+---------------+--------+-------------------+
[   12.948534] cloud-init[688]: ci-info: | Device |   Up  |          Address           |      Mask     | Scope  |     Hw-Address    |
[   12.953978] cloud-init[688]: ci-info: +--------+-------+----------------------------+---------------+--------+-------------------+
[   12.979298] cloud-init[688]: ci-info: | enp0s3 |  True |         10.0.2.15          | 255.255.255.0 | global | 02:e1:6b:97:21:6b |
[   12.988066] cloud-init[688]: ci-info: | enp0s3 |  True | fe80::e1:6bff:fe97:216b/64 |       .       |  link  | 02:e1:6b:97:21:6b |
[   12.995054] cloud-init[688]: ci-info: | enp0s8 | False |             .              |       .       |   .    | 08:00:27:82:3e:27 |
[   13.002835] cloud-init[688]: ci-info: |   lo   |  True |         127.0.0.1          |   255.0.0.0   |  host  |         .         |
[   13.009091] cloud-init[688]: ci-info: |   lo   |  True |          ::1/128           |       .       |  host  |         .         |
[   13.014253] cloud-init[688]: ci-info: +--------+-------+----------------------------+---------------+--------+-------------------+
[   13.020291] cloud-init[688]: ci-info: ++++++++++++++++++++++++++++Route IPv4 info+++++++++++++++++++++++++++++
[   13.024692] cloud-init[688]: ci-info: +-------+-------------+----------+-----------------+-----------+-------+
[   13.029127] cloud-init[688]: ci-info: | Route | Destination | Gateway  |     Genmask     | Interface | Flags |
[   13.033559] cloud-init[688]: ci-info: +-------+-------------+----------+-----------------+-----------+-------+
[   13.037849] cloud-init[688]: ci-info: |   0   |   0.0.0.0   | 10.0.2.2 |     0.0.0.0     |   enp0s3  |   UG  |
[   13.041935] cloud-init[688]: ci-info: |   1   |   10.0.2.0  | 0.0.0.0  |  255.255.255.0  |   enp0s3  |   U   |
[   13.046410] cloud-init[688]: ci-info: |   2   |   10.0.2.2  | 0.0.0.0  | 255.255.255.255 |   enp0s3  |   UH  |
[   13.050629] cloud-init[688]: ci-info: +-------+-------------+----------+-----------------+-----------+-------+
[   13.055218] cloud-init[688]: ci-info: +++++++++++++++++++Route IPv6 info+++++++++++++++++++
[   13.059700] cloud-init[688]: ci-info: +-------+-------------+---------+-----------+-------+
[   13.072653] cloud-init[688]: ci-info: | Route | Destination | Gateway | Interface | Flags |
[   13.077022] cloud-init[688]: ci-info: +-------+-------------+---------+-----------+-------+
[   13.081140] cloud-init[688]: ci-info: |   1   |  fe80::/64  |    ::   |   enp0s3  |   U   |
[   13.093672] cloud-init[688]: ci-info: |   3   |    local    |    ::   |   enp0s3  |   U   |
[   13.104418] cloud-init[688]: ci-info: |   4   |   ff00::/8  |    ::   |   enp0s3  |   U   |
[   13.124226] cloud-init[688]: ci-info: +-------+-------------+---------+-----------+-------+
[   13.929742] cloud-init[688]: Generating public/private rsa key pair.
[   13.932927] cloud-init[688]: Your identification has been saved in /etc/ssh/ssh_host_rsa_key.
[   13.936639] cloud-init[688]: Your public key has been saved in /etc/ssh/ssh_host_rsa_key.pub.
[   13.941272] cloud-init[688]: The key fingerprint is:
[   13.944767] cloud-init[688]: SHA256:9MJ3sZx1wBV1n8FaiBz5QfeQX1Zbl5dSeLYeMvBTa58 root@ubuntu-bionic
[   13.949816] cloud-init[688]: The key's randomart image is:
[   13.953683] cloud-init[688]: +---[RSA 2048]----+
[   13.956404] cloud-init[688]: |          ..=oBB&|
[   13.959104] cloud-init[688]: |           = =+@&|
[   13.961799] cloud-init[688]: |        .   = X=O|
[   13.965173] cloud-init[688]: |       o . . % *.|
[   13.967842] cloud-init[688]: |        S o = * +|
[   13.971348] cloud-init[688]: |         o .   E.|
[   13.974344] cloud-init[688]: |                 |
[   13.977171] cloud-init[688]: |                 |
[   13.979880] cloud-init[688]: |                 |
[   13.982552] cloud-init[688]: +----[SHA256]-----+
[   13.985342] cloud-init[688]: Generating public/private dsa key pair.
[   13.988427] cloud-init[688]: Your identification has been saved in /etc/ssh/ssh_host_dsa_key.
[   13.991996] cloud-init[688]: Your public key has been saved in /etc/ssh/ssh_host_dsa_key.pub.
[   13.996484] cloud-init[688]: The key fingerprint is:
[   13.999867] cloud-init[688]: SHA256:5aqvXWet5LUxTmqZe6wIDadR3AXrCY3JWdGXJAt9JPE root@ubuntu-bionic
[   14.003777] cloud-init[[0;32m  OK  [0m] Started Initial cloud-init job (metadata service crawler).
[[0;32m  OK  [0m] Reached target System Initialization.
[[0;32m  OK  [0m] Started Daily apt download activities.
[688]: The key's randomart image is:
[[0;32m  OK  [0m] Started ACPI Events Check.
[[0;32m  OK  [0m] Listening on ACPID Listen Socket.
[   14.018203] cloud-init[688]: +---[DSA 1024]----+
[   14.023129] cloud-init[688]: |           .=B=o.|
[   14.024758] cloud-init[688]: |         o B.+*o.|
[   14.026179] cloud-init[688]: |          X +..E |
[   14.027584] cloud-init[688]: |         + o .   |
[[0;32m  OK  [0m] Started Daily apt upgrade and clean activities.
[[0;32m  OK  [0m] Started Daily Cleanup of Temporary Directories.
[[0;32m  OK  [0m] Listening on D-Bus System Message Bus Socket.
[   14.031244] cloud-init[688]: |        S o o    |
[   14.040171] cloud-init[688]: |         B   .   |
[   14.041513] cloud-init[688]: |        + o ++*  |
[   14.042874] cloud-init[688]: |       o o *+*o+ |
[[0;32m  OK  [0m] Started Message of the Day.
[[0;32m  OK  [0m] Started Ubuntu Advantage Timer for running repeated jobs.
[[0;32m  OK  [0m] Started Discard unused blocks once a week.
[[0;32m  OK  [0m] Reached target Paths.
[   14.046662] cloud-init[688]: |      ooo ..*+o  |
[   14.056274] cloud-init[688]: +----[SHA256]-----+
[   14.057771] cloud-init[688]: Generating public/private ecdsa key pair.
[[0;32m  OK  [0m] Listening on UUID daemon activation socket.
[[0;32m  OK  [0m] Reached target Timers.
[[0;32m  OK  [0m] Listening on Open-iSCSI iscsid Socket.
         Starting Socket activation for snappy daemon.
[[0;32m  OK  [0m] Listening on cloud-init hotplug hook socket.[   14.062017] cloud-init[688]: Your identification has been saved in /etc/ssh/ssh_host_ecdsa_key.
[   14.072552] cloud-init[688]: Your public key has been saved in /etc/ssh/ssh_host_ecdsa_key.pub.
[   14.073174] cloud-init[688]: The key fingerprint is:
[   14.073473] cloud-init[688]: SHA256:b3EbfJDBGuBUXiK+fz5DnmMw4G2gs8HnjSppecJoVgQ root@ubuntu-bionic
[   14.073807] cloud-init[688]: The key's randomart image is:
[   14.074131] cloud-init[688]: +---[ECDSA 256]---+
[   14.074842] cloud-init[688]: |        +oo.o    |
[   14.075143] cloud-init[688]: |  E    + o.o.o   |
[   14.075463] cloud-init[688]: |   .    o .oo    |
[   14.075807] cloud-init[688]: |    .   o... .   |
[   14.076115] cloud-init[688]: |   . . oS+. + .  |
[   14.076431] cloud-init[688]: |    . = oo=o.+   |
[   14.076743] cloud-init[688]: |   + o * ++=o.   |
[   14.077057] cloud-init[688]: |  + B o o..oB    |
[   14.077372] cloud-init[688]: | o . +..   ..+   |
[   14.077691] cloud-init[688]: +----[SHA256]-----+
[   14.078007] cloud-init[688]: Generating public/private ed25519 key pair.
[   14.078631] cloud-init[688]: Your identification has been saved in /etc/ssh/ssh_host_ed25519_key.
[   14.078949] cloud-init[688]: Your public key has been saved in /etc/ssh/ssh_host_ed25519_key.pub.
[   14.079267] cloud-init[688]: The key fingerprint is:
[   14.079580] cloud-init[688]: SHA256:adduJohBPGhmDY/SmpQeg5WKwu+j+7LcA8ysEOVAwFA root@ubuntu-bionic
[   14.079896] cloud-init[688]: The key's randomart image is:
[   14.080218] cloud-init[688]: +--[ED25519 256]--+
[   14.080528] cloud-init[688]: |BoE..            |
[   14.080846] cloud-init[688]: |.+oo B           |
[   14.081164] cloud-init[688]: |+=* B *          |
[   14.081479] cloud-init[688]: |=+.X . . . .     |
[   14.081791] cloud-init[688]: |=.=   . S . .    |
[   14.082107] cloud-init[688]: |.= .   + o .     |
[   14.082426] cloud-init[688]: |o o   . . . +    |
[   14.083433] cloud-init[688]: |o..+       +     |
[   14.084122] cloud-init[688]: | =*oo            |
[   14.084556] cloud-init[688]: +----[SHA256]-----+

         Starting LXD - unix socket.
[[0;32m  OK  [0m] Reached target Cloud-config availability.
[[0;32m  OK  [0m] Reached target Network is Online.
         Starting Availability of block devices...
[[0;32m  OK  [0m] Reached target Remote File Systems (Pre).
[[0;32m  OK  [0m] Reached target Remote File Systems.
[[0;32m  OK  [0m] Listening on Socket activation for snappy daemon.
[[0;32m  OK  [0m] Listening on LXD - unix socket.
[[0;32m  OK  [0m] Reached target Sockets.
[[0;32m  OK  [0m] Reached target Basic System.
[[0;32m  OK  [0m] Reached target Login Prompts (Pre).
         Starting Login Service...
         Starting Virtualbox guest utils...
[[0;32m  OK  [0m] Started Deferred execution scheduler.
         Starting Dispatcher daemon for systemd-networkd...
         Starting Accounts Service...
         Starting LSB: Record successful boot for GRUB...
         Starting LSB: automatic crash report generation...
[[0;32m  OK  [0m] Started D-Bus System Message Bus.
[[0;32m  OK  [0m] Started Login Service.
[[0;32m  OK  [0m] Started Unattended Upgrades Shutdown.
         Starting LXD - container startup/shutdown...
         Starting System Logging Service...
[[0;32m  OK  [0m] Started irqbalance daemon.
         Starting Pollinate to seed the pseudo random number generator...
         Starting Permit User Sessions...
[[0;32m  OK  [0m] Started Regular background program processing daemon.
         Starting Snap Daemon...
[[0;32m  OK  [0m] Started FUSE filesystem for LXC.
[[0;32m  OK  [0m] Started Availability of block devices.
[[0;32m  OK  [0m] Started Permit User Sessions.
         Starting Hold until boot process finishes up...
         Starting Terminate Plymouth Boot Screen...
[[0;32m  OK  [0m] Started Hold until boot process finishes up.
         Starting Set console scheme...
[[0;32m  OK  [0m] Started Serial Getty on ttyS0.
[[0;32m  OK  [0m] Started Terminate Plymouth Boot Screen.
[[0;32m  OK  [0m] Started System Logging Service.
[[0;32m  OK  [0m] Started Set console scheme.
[[0;32m  OK  [0m] Created slice system-getty.slice.
[[0;32m  OK  [0m] Started Getty on tty1.
[[0;32m  OK  [0m] Reached target Login Prompts.
         Starting Authorization Manager...
[[0;32m  OK  [0m] Started LSB: automatic crash report generation.
[[0;32m  OK  [0m] Started Authorization Manager.
[[0;32m  OK  [0m] Started Accounts Service.
[[0;32m  OK  [0m] Started LSB: Record successful boot for GRUB.
[[0;32m  OK  [0m] Started Virtualbox guest utils.
[[0;32m  OK  [0m] Started Dispatcher daemon for systemd-networkd.
[[0;32m  OK  [0m] Started LXD - container startup/shutdown.
[[0;32m  OK  [0m] Started Snap Daemon.
         Starting Wait until snapd is fully seeded...
[[0;32m  OK  [0m] Started Pollinate to seed the pseudo random number generator.
         Starting OpenBSD Secure Shell server...
[[0;32m  OK  [0m] Started OpenBSD Secure Shell server.
[[0;32m  OK  [0m] Created slice User Slice of vagrant.
         Starting User Manager for UID 1000...
[[0;32m  OK  [0m] Started Session 1 of user vagrant.
[[0;32m  OK  [0m] Started User Manager for UID 1000.
         Starting Time & Date Service...
[[0;32m  OK  [0m] Started Time & Date Service.
[[0;32m  OK  [0m] Started Session 3 of user vagrant.

Ubuntu 18.04.6 LTS ubuntu-bionic ttyS0

ubuntu-bionic login: [   23.622891] cloud-init[2026]: Cloud-init v. 23.1.1-0ubuntu0~18.04.1 running 'modules:config' at Mon, 11 Mar 2024 11:30:17 +0000. Up 23.10 seconds.
ci-info: no authorized SSH keys fingerprints found for user ubuntu.
<14>Mar 11 11:30:18 cloud-init: #############################################################
<14>Mar 11 11:30:18 cloud-init: -----BEGIN SSH HOST KEY FINGERPRINTS-----
<14>Mar 11 11:30:18 cloud-init: 1024 SHA256:5aqvXWet5LUxTmqZe6wIDadR3AXrCY3JWdGXJAt9JPE root@ubuntu-bionic (DSA)
<14>Mar 11 11:30:18 cloud-init: 256 SHA256:b3EbfJDBGuBUXiK+fz5DnmMw4G2gs8HnjSppecJoVgQ root@ubuntu-bionic (ECDSA)
<14>Mar 11 11:30:18 cloud-init: 256 SHA256:adduJohBPGhmDY/SmpQeg5WKwu+j+7LcA8ysEOVAwFA root@ubuntu-bionic (ED25519)
<14>Mar 11 11:30:18 cloud-init: 2048 SHA256:9MJ3sZx1wBV1n8FaiBz5QfeQX1Zbl5dSeLYeMvBTa58 root@ubuntu-bionic (RSA)
<14>Mar 11 11:30:18 cloud-init: -----END SSH HOST KEY FINGERPRINTS-----
<14>Mar 11 11:30:18 cloud-init: #############################################################
-----BEGIN SSH HOST KEY KEYS-----
ecdsa-sha2-nistp256 AAAAE2VjZHNhLXNoYTItbmlzdHAyNTYAAAAIbmlzdHAyNTYAAABBBPla1vnvUiGSgIih6HqeJVQMnVzv6hSLsmJDV+o/9iofLPxuKK/4gtxSsCnQ0e4eQNJfY6KtZiM/uwgaezFpvFw= root@ubuntu-bionic
ssh-ed25519 AAAAC3NzaC1lZDI1NTE5AAAAIHw03l8cIIjJDVqDQnvKCZ3KVCtwCbLZYqp0yLhixLVB root@ubuntu-bionic
ssh-rsa AAAAB3NzaC1yc2EAAAADAQABAAABAQDU+VgKosYP/yJS0FApslSG8zUqVKcH7ugXxUtCnp1Ni0WmOSXg1Z9S9nIFYFsIv6p7aYBQL3Im3QSj+xygl+352G4wEalLFnWbDPrBAXrP8+ZuAvnY3s26/PZgtLb4qLwEcoPQ2TeiU4hQbh5PlDbtYQmSE1AU/d0N0+grOtUdmmKHN6ihDPvLbdt45Ia3vuNrvfcxwFaNsFQ/ChleDlj4KgzLtrhoS7MprgtRygqTFnquzJeWFJRDyv3gu8kIR+4FA11wbqnGihxi7Dv7Xj6VZjv9+hXGoR0+PRLB6/OGVNWLukzsXkywhqLCNjd064MY6yKw7NweK1/I3LZwrvsR root@ubuntu-bionic
-----END SSH HOST KEY KEYS-----
[   24.446587] cloud-init[2348]: Cloud-init v. 23.1.1-0ubuntu0~18.04.1 running 'modules:final' at Mon, 11 Mar 2024 11:30:18 +0000. Up 24.21 seconds.
[   24.448252] cloud-init[2348]: Cloud-init v. 23.1.1-0ubuntu0~18.04.1 finished at Mon, 11 Mar 2024 11:30:18 +0000. Datasource DataSourceNoCloud [seed=/dev/sdb][dsmode=net].  Up 24.42 seconds
